<?xml version="1.0" encoding="UTF-8"?>
<!-- Generated by org.testng.reporters.JUnitXMLReporter -->
<testsuite hostname="DESKTOP-SFFU33G" ignored="0" name="SplashPage2Test" tests="1" failures="1" timestamp="30 Oct 2022 06:32:20 GMT" time="14.28" errors="0">
  <testcase name="TestSplash2" time="2.461" classname="com.innoplexus.curia.curiaFramework.SplashPageTest2">
    <failure type="java.lang.AssertionError" message="expected [Explore clinical trials near you] but found [Discover treatments]">
      <![CDATA[java.lang.AssertionError: expected [Explore clinical trials near you] but found [Discover treatments]
at com.innoplexus.curia.curiaFramework.SplashPageTest2.TestSplash2(SplashPageTest2.java:16)
... Removed 31 stack frames]]>
    </failure>
  </testcase> <!-- TestSplash2 -->
</testsuite> <!-- SplashPage2Test -->
