<?xml version="1.0" encoding="UTF-8"?>
<!-- Generated by org.testng.reporters.JUnitXMLReporter -->
<testsuite hostname="DESKTOP-SFFU33G" ignored="0" name="SplashPage4Test" tests="1" failures="1" timestamp="30 Oct 2022 06:32:34 GMT" time="14.252" errors="0">
  <testcase name="TestSplash4" time="2.476" classname="com.innoplexus.curia.curiaFramework.SplashPageTest4">
    <failure type="java.lang.AssertionError" message="expected [Explore clinical trials near you] but found [Discover treatments]">
      <![CDATA[java.lang.AssertionError: expected [Explore clinical trials near you] but found [Discover treatments]
at com.innoplexus.curia.curiaFramework.SplashPageTest4.TestSplash4(SplashPageTest4.java:16)
... Removed 31 stack frames]]>
    </failure>
  </testcase> <!-- TestSplash4 -->
</testsuite> <!-- SplashPage4Test -->
